<?xml version="1.0" encoding="UTF-8"?>
<!-- Generated by org.testng.reporters.JUnitXMLReporter -->
<testsuite hostname="DESKTOP-R8LNRUV" ignored="0" name="Test" tests="4" failures="0" timestamp="2022-10-21T18:26:17 SGT" time="302.538" errors="0">
  <testcase name="@BeforeMethod launch_application" time="181.739" classname="testBase.TestBase">
    <failure type="org.openqa.selenium.TimeoutException" message="java.util.concurrent.TimeoutException
Build info: version: &amp;apos;4.5.0&amp;apos;, revision: &amp;apos;fe167b119a&amp;apos;
System info: os.name: &amp;apos;Windows 10&amp;apos;, os.arch: &amp;apos;amd64&amp;apos;, os.version: &amp;apos;10.0&amp;apos;, java.version: &amp;apos;1.8.0_202&amp;apos;
Driver info: org.openqa.selenium.chrome.ChromeDriver
Command: [80c1080712916d6132f87f07fe670d58, get {url=https://www.cimb.com.sg/en/personal/home.html }]
Capabilities {acceptInsecureCerts: false, browserName: chrome, browserVersion: 106.0.5249.119, chrome: {chromedriverVersion: 106.0.5249.61 (511755355844..., userDataDir: C:\Users\user\AppData\Local...}, goog:chromeOptions: {debuggerAddress: localhost:55064}, networkConnectionEnabled: false, pageLoadStrategy: normal, platformName: WINDOWS, proxy: Proxy(), se:cdp: ws://localhost:55064/devtoo..., se:cdpVersion: 106.0.5249.119, setWindowRect: true, strictFileInteractability: false, timeouts: {implicit: 0, pageLoad: 300000, script: 30000}, unhandledPromptBehavior: dismiss and notify, webauthn:extension:credBlob: true, webauthn:extension:largeBlob: true, webauthn:virtualAuthenticators: true}
Session ID: 80c1080712916d6132f87f07fe670d58">
      <![CDATA[org.openqa.selenium.TimeoutException: java.util.concurrent.TimeoutException
Build info: version: '4.5.0', revision: 'fe167b119a'
System info: os.name: 'Windows 10', os.arch: 'amd64', os.version: '10.0', java.version: '1.8.0_202'
Driver info: org.openqa.selenium.chrome.ChromeDriver
Command: [80c1080712916d6132f87f07fe670d58, get {url=https://www.cimb.com.sg/en/personal/home.html }]
Capabilities {acceptInsecureCerts: false, browserName: chrome, browserVersion: 106.0.5249.119, chrome: {chromedriverVersion: 106.0.5249.61 (511755355844..., userDataDir: C:\Users\user\AppData\Local...}, goog:chromeOptions: {debuggerAddress: localhost:55064}, networkConnectionEnabled: false, pageLoadStrategy: normal, platformName: WINDOWS, proxy: Proxy(), se:cdp: ws://localhost:55064/devtoo..., se:cdpVersion: 106.0.5249.119, setWindowRect: true, strictFileInteractability: false, timeouts: {implicit: 0, pageLoad: 300000, script: 30000}, unhandledPromptBehavior: dismiss and notify, webauthn:extension:credBlob: true, webauthn:extension:largeBlob: true, webauthn:virtualAuthenticators: true}
Session ID: 80c1080712916d6132f87f07fe670d58
at org.openqa.selenium.remote.http.netty.NettyHttpHandler.makeCall(NettyHttpHandler.java:65)
at org.openqa.selenium.remote.http.AddSeleniumUserAgent.lambda$apply$0(AddSeleniumUserAgent.java:42)
at org.openqa.selenium.remote.http.Filter.lambda$andFinally$1(Filter.java:56)
at org.openqa.selenium.remote.http.netty.NettyHttpHandler.execute(NettyHttpHandler.java:49)
at org.openqa.selenium.remote.http.AddSeleniumUserAgent.lambda$apply$0(AddSeleniumUserAgent.java:42)
at org.openqa.selenium.remote.http.Filter.lambda$andFinally$1(Filter.java:56)
at org.openqa.selenium.remote.http.netty.NettyClient.execute(NettyClient.java:99)
at org.openqa.selenium.remote.HttpCommandExecutor.execute(HttpCommandExecutor.java:181)
at org.openqa.selenium.remote.service.DriverCommandExecutor.invokeExecute(DriverCommandExecutor.java:167)
at org.openqa.selenium.remote.service.DriverCommandExecutor.execute(DriverCommandExecutor.java:142)
at org.openqa.selenium.remote.RemoteWebDriver.execute(RemoteWebDriver.java:547)
at org.openqa.selenium.remote.RemoteWebDriver.get(RemoteWebDriver.java:310)
at testBase.TestBase.launch_application(TestBase.java:32)
at java.util.concurrent.ThreadPoolExecutor.runWorker(ThreadPoolExecutor.java:1149)
at java.util.concurrent.ThreadPoolExecutor$Worker.run(ThreadPoolExecutor.java:624)
at java.lang.Thread.run(Thread.java:748)
Caused by: java.util.concurrent.TimeoutException
at java.util.concurrent.CompletableFuture.timedGet(CompletableFuture.java:1771)
at java.util.concurrent.CompletableFuture.get(CompletableFuture.java:1915)
at org.asynchttpclient.netty.NettyResponseFuture.get(NettyResponseFuture.java:206)
at org.openqa.selenium.remote.http.netty.NettyHttpHandler.makeCall(NettyHttpHandler.java:59)
... 31 more
... Removed 16 stack frames]]>
    </failure>
  </testcase> <!-- @BeforeMethod launch_application -->
  <testcase name="@AfterMethod tear_down" time="-1.666347977014E9" classname="testBase.TestBase">
    <skipped/>
  </testcase> <!-- @AfterMethod tear_down -->
  <testcase name="@BeforeMethod launch_application" time="-1.666347977015E9" classname="testBase.TestBase">
    <skipped/>
  </testcase> <!-- @BeforeMethod launch_application -->
  <testcase name="@AfterMethod tear_down" time="-1.666347977015E9" classname="testBase.TestBase">
    <skipped/>
  </testcase> <!-- @AfterMethod tear_down -->
  <testcase name="@BeforeMethod launch_application" time="-1.666347977015E9" classname="testBase.TestBase">
    <skipped/>
  </testcase> <!-- @BeforeMethod launch_application -->
  <testcase name="@AfterMethod tear_down" time="-1.666347977017E9" classname="testBase.TestBase">
    <skipped/>
  </testcase> <!-- @AfterMethod tear_down -->
  <testcase name="test_education_loan_standard_repayment_calculator_scn002" time="19.748" classname="testCases.TestCase_Scenario_0002"/>
  <testcase name="test_education_loan_standard_repayment_calculator_scn002" time="0.0" classname="testCases.TestCase_Scenario_0002">
    <skipped/>
  </testcase> <!-- test_education_loan_standard_repayment_calculator_scn002 -->
  <testcase name="test_education_loan_standard_repayment_calculator_scn002" time="0.0" classname="testCases.TestCase_Scenario_0002">
    <skipped/>
  </testcase> <!-- test_education_loan_standard_repayment_calculator_scn002 -->
  <testcase name="test_education_loan_standard_repayment_calculator_scn002" time="0.0" classname="testCases.TestCase_Scenario_0002">
    <skipped/>
  </testcase> <!-- test_education_loan_standard_repayment_calculator_scn002 -->
</testsuite> <!-- Test -->
