<?xml version="1.0" encoding="UTF-8"?>
<testng-results retried="1" ignored="2" total="8" passed="4" failed="1" skipped="0">
  <reporter-output>
  </reporter-output>
  <suite started-at="2022-10-20T16:09:06 MYT" name="Suite" finished-at="2022-10-20T16:17:17 MYT" duration-ms="491630">
    <groups>
    </groups>
    <test started-at="2022-10-20T16:09:06 MYT" name="Test" finished-at="2022-10-20T16:17:17 MYT" duration-ms="491630">
      <class name="testCases.TestCase_SampleTest">
        <test-method is-config="true" signature="launch_application()[pri:0, instance:testCases.TestCase_SampleTest@60fa3495]" started-at="2022-10-20T16:09:06 MYT" name="launch_application" finished-at="2022-10-20T16:11:01 MYT" duration-ms="114670" status="PASS">
          <reporter-output>
          </reporter-output>
        </test-method> <!-- launch_application -->
        <test-method retried="true" signature="test_verify_title()[pri:0, instance:testCases.TestCase_SampleTest@60fa3495]" started-at="2022-10-20T16:11:01 MYT" name="test_verify_title" finished-at="2022-10-20T16:11:01 MYT" duration-ms="66" status="SKIP">
          <exception class="java.lang.AssertionError">
            <message>
              <![CDATA[expected [HomePage] but found [Personal Banking | Savings, Credit Cards and Loans | CIMB SG]]]>
            </message>
            <full-stacktrace>
              <![CDATA[java.lang.AssertionError: expected [HomePage] but found [Personal Banking | Savings, Credit Cards and Loans | CIMB SG]
at org.testng.Assert.fail(Assert.java:97)
at org.testng.Assert.assertEqualsImpl(Assert.java:136)
at org.testng.Assert.assertEquals(Assert.java:118)
at org.testng.Assert.assertEquals(Assert.java:575)
at org.testng.Assert.assertEquals(Assert.java:585)
at testCases.TestCase_SampleTest.test_verify_title(TestCase_SampleTest.java:20)
at java.base/jdk.internal.reflect.DirectMethodHandleAccessor.invoke(DirectMethodHandleAccessor.java:104)
at java.base/java.lang.reflect.Method.invoke(Method.java:577)
at org.testng.internal.MethodInvocationHelper.invokeMethod(MethodInvocationHelper.java:134)
at org.testng.internal.TestInvoker.invokeMethod(TestInvoker.java:597)
at org.testng.internal.TestInvoker.invokeTestMethod(TestInvoker.java:173)
at org.testng.internal.MethodRunner.runInSequence(MethodRunner.java:46)
at org.testng.internal.TestInvoker$MethodInvocationAgent.invoke(TestInvoker.java:816)
at org.testng.internal.TestInvoker.invokeTestMethods(TestInvoker.java:146)
at org.testng.internal.TestMethodWorker.invokeTestMethods(TestMethodWorker.java:146)
at org.testng.internal.TestMethodWorker.run(TestMethodWorker.java:128)
at java.base/java.util.concurrent.ThreadPoolExecutor.runWorker(ThreadPoolExecutor.java:1136)
at java.base/java.util.concurrent.ThreadPoolExecutor$Worker.run(ThreadPoolExecutor.java:635)
at java.base/java.lang.Thread.run(Thread.java:833)
]]>
            </full-stacktrace>
          </exception> <!-- java.lang.AssertionError -->
          <reporter-output>
          </reporter-output>
        </test-method> <!-- test_verify_title -->
        <test-method is-config="true" signature="tear_down()[pri:0, instance:testCases.TestCase_SampleTest@60fa3495]" started-at="2022-10-20T16:11:01 MYT" name="tear_down" finished-at="2022-10-20T16:11:01 MYT" duration-ms="212" status="PASS">
          <reporter-output>
          </reporter-output>
        </test-method> <!-- tear_down -->
        <test-method is-config="true" signature="launch_application()[pri:0, instance:testCases.TestCase_SampleTest@60fa3495]" started-at="2022-10-20T16:11:01 MYT" name="launch_application" finished-at="2022-10-20T16:12:24 MYT" duration-ms="82751" status="PASS">
          <reporter-output>
          </reporter-output>
        </test-method> <!-- launch_application -->
        <test-method signature="test_verify_title()[pri:0, instance:testCases.TestCase_SampleTest@60fa3495]" started-at="2022-10-20T16:12:24 MYT" name="test_verify_title" finished-at="2022-10-20T16:12:24 MYT" duration-ms="18" status="FAIL">
          <exception class="java.lang.AssertionError">
            <message>
              <![CDATA[expected [HomePage] but found [Personal Banking | Savings, Credit Cards and Loans | CIMB SG]]]>
            </message>
            <full-stacktrace>
              <![CDATA[java.lang.AssertionError: expected [HomePage] but found [Personal Banking | Savings, Credit Cards and Loans | CIMB SG]
at org.testng.Assert.fail(Assert.java:97)
at org.testng.Assert.assertEqualsImpl(Assert.java:136)
at org.testng.Assert.assertEquals(Assert.java:118)
at org.testng.Assert.assertEquals(Assert.java:575)
at org.testng.Assert.assertEquals(Assert.java:585)
at testCases.TestCase_SampleTest.test_verify_title(TestCase_SampleTest.java:20)
at java.base/jdk.internal.reflect.DirectMethodHandleAccessor.invoke(DirectMethodHandleAccessor.java:104)
at java.base/java.lang.reflect.Method.invoke(Method.java:577)
at org.testng.internal.MethodInvocationHelper.invokeMethod(MethodInvocationHelper.java:134)
at org.testng.internal.TestInvoker.invokeMethod(TestInvoker.java:597)
at org.testng.internal.TestInvoker.retryFailed(TestInvoker.java:213)
at org.testng.internal.MethodRunner.runInSequence(MethodRunner.java:58)
at org.testng.internal.TestInvoker$MethodInvocationAgent.invoke(TestInvoker.java:816)
at org.testng.internal.TestInvoker.invokeTestMethods(TestInvoker.java:146)
at org.testng.internal.TestMethodWorker.invokeTestMethods(TestMethodWorker.java:146)
at org.testng.internal.TestMethodWorker.run(TestMethodWorker.java:128)
at java.base/java.util.concurrent.ThreadPoolExecutor.runWorker(ThreadPoolExecutor.java:1136)
at java.base/java.util.concurrent.ThreadPoolExecutor$Worker.run(ThreadPoolExecutor.java:635)
at java.base/java.lang.Thread.run(Thread.java:833)
]]>
            </full-stacktrace>
          </exception> <!-- java.lang.AssertionError -->
          <reporter-output>
          </reporter-output>
        </test-method> <!-- test_verify_title -->
        <test-method is-config="true" signature="tear_down()[pri:0, instance:testCases.TestCase_SampleTest@60fa3495]" started-at="2022-10-20T16:12:25 MYT" name="tear_down" finished-at="2022-10-20T16:12:26 MYT" duration-ms="1290" status="PASS">
          <reporter-output>
          </reporter-output>
        </test-method> <!-- tear_down -->
      </class> <!-- testCases.TestCase_SampleTest -->
      <class name="testCases.TestCase_Scenario_0002">
        <test-method is-config="true" signature="start_docker_grid()[pri:0, instance:testCases.TestCase_Scenario_0002@4602c2a9]" started-at="2022-10-20T16:09:06 MYT" name="start_docker_grid" finished-at="2022-10-20T16:09:06 MYT" duration-ms="10" status="PASS">
          <reporter-output>
          </reporter-output>
        </test-method> <!-- start_docker_grid -->
        <test-method is-config="true" signature="launch_application()[pri:0, instance:testCases.TestCase_Scenario_0002@4602c2a9]" started-at="2022-10-20T16:09:06 MYT" name="launch_application" finished-at="2022-10-20T16:11:07 MYT" duration-ms="120690" status="PASS">
          <reporter-output>
          </reporter-output>
        </test-method> <!-- launch_application -->
        <test-method signature="test_education_loan_standard_repayment_calculator_scn002(java.lang.Object)[pri:0, instance:testCases.TestCase_Scenario_0002@4602c2a9]" started-at="2022-10-20T16:11:07 MYT" name="test_education_loan_standard_repayment_calculator_scn002" data-provider="loanData" finished-at="2022-10-20T16:13:27 MYT" duration-ms="140079" status="PASS">
          <params>
            <param index="0">
              <value>
                <![CDATA[{LoanAmount=10000, Tenure=10}]]>
              </value>
            </param>
          </params>
          <reporter-output>
          </reporter-output>
        </test-method> <!-- test_education_loan_standard_repayment_calculator_scn002 -->
        <test-method is-config="true" signature="tear_down()[pri:0, instance:testCases.TestCase_Scenario_0002@4602c2a9]" started-at="2022-10-20T16:13:27 MYT" name="tear_down" finished-at="2022-10-20T16:13:27 MYT" duration-ms="368" status="PASS">
          <reporter-output>
          </reporter-output>
        </test-method> <!-- tear_down -->
        <test-method is-config="true" signature="launch_application()[pri:0, instance:testCases.TestCase_Scenario_0002@4602c2a9]" started-at="2022-10-20T16:13:27 MYT" name="launch_application" finished-at="2022-10-20T16:15:22 MYT" duration-ms="115031" status="PASS">
          <reporter-output>
          </reporter-output>
        </test-method> <!-- launch_application -->
        <test-method signature="test_education_loan_standard_repayment_calculator_scn002(java.lang.Object)[pri:0, instance:testCases.TestCase_Scenario_0002@4602c2a9]" started-at="2022-10-20T16:15:22 MYT" name="test_education_loan_standard_repayment_calculator_scn002" data-provider="loanData" finished-at="2022-10-20T16:15:55 MYT" duration-ms="32816" status="PASS">
          <params>
            <param index="0">
              <value>
                <![CDATA[{LoanAmount=20000, Tenure=9}]]>
              </value>
            </param>
          </params>
          <reporter-output>
          </reporter-output>
        </test-method> <!-- test_education_loan_standard_repayment_calculator_scn002 -->
        <test-method is-config="true" signature="tear_down()[pri:0, instance:testCases.TestCase_Scenario_0002@4602c2a9]" started-at="2022-10-20T16:15:55 MYT" name="tear_down" finished-at="2022-10-20T16:15:55 MYT" duration-ms="242" status="PASS">
          <reporter-output>
          </reporter-output>
        </test-method> <!-- tear_down -->
        <test-method is-config="true" signature="launch_application()[pri:0, instance:testCases.TestCase_Scenario_0002@4602c2a9]" started-at="2022-10-20T16:15:55 MYT" name="launch_application" finished-at="2022-10-20T16:16:31 MYT" duration-ms="35429" status="PASS">
          <reporter-output>
          </reporter-output>
        </test-method> <!-- launch_application -->
        <test-method signature="test_education_loan_standard_repayment_calculator_scn002(java.lang.Object)[pri:0, instance:testCases.TestCase_Scenario_0002@4602c2a9]" started-at="2022-10-20T16:16:31 MYT" name="test_education_loan_standard_repayment_calculator_scn002" data-provider="loanData" finished-at="2022-10-20T16:16:41 MYT" duration-ms="10156" status="PASS">
          <params>
            <param index="0">
              <value>
                <![CDATA[{LoanAmount=30000, Tenure=8}]]>
              </value>
            </param>
          </params>
          <reporter-output>
          </reporter-output>
        </test-method> <!-- test_education_loan_standard_repayment_calculator_scn002 -->
        <test-method is-config="true" signature="tear_down()[pri:0, instance:testCases.TestCase_Scenario_0002@4602c2a9]" started-at="2022-10-20T16:16:41 MYT" name="tear_down" finished-at="2022-10-20T16:16:41 MYT" duration-ms="305" status="PASS">
          <reporter-output>
          </reporter-output>
        </test-method> <!-- tear_down -->
        <test-method is-config="true" signature="launch_application()[pri:0, instance:testCases.TestCase_Scenario_0002@4602c2a9]" started-at="2022-10-20T16:16:41 MYT" name="launch_application" finished-at="2022-10-20T16:17:08 MYT" duration-ms="26580" status="PASS">
          <reporter-output>
          </reporter-output>
        </test-method> <!-- launch_application -->
        <test-method signature="test_education_loan_standard_repayment_calculator_scn002(java.lang.Object)[pri:0, instance:testCases.TestCase_Scenario_0002@4602c2a9]" started-at="2022-10-20T16:17:08 MYT" name="test_education_loan_standard_repayment_calculator_scn002" data-provider="loanData" finished-at="2022-10-20T16:17:17 MYT" duration-ms="9343" status="PASS">
          <params>
            <param index="0">
              <value>
                <![CDATA[{LoanAmount=40000, Tenure=7}]]>
              </value>
            </param>
          </params>
          <reporter-output>
          </reporter-output>
        </test-method> <!-- test_education_loan_standard_repayment_calculator_scn002 -->
        <test-method is-config="true" signature="tear_down()[pri:0, instance:testCases.TestCase_Scenario_0002@4602c2a9]" started-at="2022-10-20T16:17:17 MYT" name="tear_down" finished-at="2022-10-20T16:17:17 MYT" duration-ms="339" status="PASS">
          <reporter-output>
          </reporter-output>
        </test-method> <!-- tear_down -->
        <test-method is-config="true" signature="stop_docker_grid()[pri:0, instance:testCases.TestCase_Scenario_0002@4602c2a9]" started-at="2022-10-20T16:17:17 MYT" name="stop_docker_grid" finished-at="2022-10-20T16:17:17 MYT" duration-ms="2" status="PASS">
          <reporter-output>
          </reporter-output>
        </test-method> <!-- stop_docker_grid -->
      </class> <!-- testCases.TestCase_Scenario_0002 -->
    </test> <!-- Test -->
  </suite> <!-- Suite -->
</testng-results>
